<?xml version="1.0" encoding="UTF-8"?>
<testng-results ignored="0" total="1" passed="1" failed="0" skipped="0">
  <reporter-output>
    <line>
      <![CDATA[Edit Organization]]>
    </line>
  </reporter-output>
  <suite started-at="2021-02-11T09:12:13Z" name="Suite" finished-at="2021-02-11T09:13:39Z" duration-ms="86590">
    <groups>
    </groups>
    <test started-at="2021-02-11T09:12:13Z" name="Test" finished-at="2021-02-11T09:13:39Z" duration-ms="86590">
      <class name="com.OrangeHRM.TestScript.OrganisationModule">
        <test-method is-config="true" signature="openBrowser()[pri:0, instance:com.OrangeHRM.TestScript.OrganisationModule@6dd7b5a3]" started-at="2021-02-11T09:12:13Z" name="openBrowser" finished-at="2021-02-11T09:12:26Z" duration-ms="13624" status="PASS">
          <reporter-output>
          </reporter-output>
        </test-method> <!-- openBrowser -->
        <test-method is-config="true" signature="login()[pri:0, instance:com.OrangeHRM.TestScript.OrganisationModule@6dd7b5a3]" started-at="2021-02-11T09:12:26Z" name="login" finished-at="2021-02-11T09:13:08Z" duration-ms="41263" status="PASS">
          <reporter-output>
          </reporter-output>
        </test-method> <!-- login -->
        <test-method signature="testOrganizationModule()[pri:0, instance:com.OrangeHRM.TestScript.OrganisationModule@6dd7b5a3]" started-at="2021-02-11T09:13:08Z" name="testOrganizationModule" finished-at="2021-02-11T09:13:35Z" duration-ms="27034" status="PASS">
          <reporter-output>
            <line>
              <![CDATA[Edit Organization]]>
            </line>
          </reporter-output>
        </test-method> <!-- testOrganizationModule -->
        <test-method is-config="true" signature="logout()[pri:0, instance:com.OrangeHRM.TestScript.OrganisationModule@6dd7b5a3]" started-at="2021-02-11T09:13:35Z" name="logout" finished-at="2021-02-11T09:13:38Z" duration-ms="3439" status="PASS">
          <reporter-output>
          </reporter-output>
        </test-method> <!-- logout -->
        <test-method is-config="true" signature="closeBrowser()[pri:0, instance:com.OrangeHRM.TestScript.OrganisationModule@6dd7b5a3]" started-at="2021-02-11T09:13:38Z" name="closeBrowser" finished-at="2021-02-11T09:13:39Z" duration-ms="1176" status="PASS">
          <reporter-output>
          </reporter-output>
        </test-method> <!-- closeBrowser -->
      </class> <!-- com.OrangeHRM.TestScript.OrganisationModule -->
    </test> <!-- Test -->
  </suite> <!-- Suite -->
</testng-results>
